[2018-03-24T16:57:59,016][INFO ][o.e.n.Node               ] [] initializing ...
[2018-03-24T16:57:59,212][INFO ][o.e.e.NodeEnvironment    ] [d-jLEcm] using [1] data paths, mounts [[/ (/dev/disk1)]], net usable_space [23.2gb], net total_space [111.8gb], types [hfs]
[2018-03-24T16:57:59,213][INFO ][o.e.e.NodeEnvironment    ] [d-jLEcm] heap size [990.7mb], compressed ordinary object pointers [true]
[2018-03-24T16:57:59,218][INFO ][o.e.n.Node               ] node name [d-jLEcm] derived from node ID [d-jLEcm7StSaZbRBYI5WSA]; set [node.name] to override
[2018-03-24T16:57:59,218][INFO ][o.e.n.Node               ] version[6.2.3], pid[64922], build[c59ff00/2018-03-13T10:06:29.741383Z], OS[Mac OS X/10.12.6/x86_64], JVM[Oracle Corporation/Java HotSpot(TM) 64-Bit Server VM/9.0.4/9.0.4+11]
[2018-03-24T16:57:59,219][INFO ][o.e.n.Node               ] JVM arguments [-Xms1g, -Xmx1g, -XX:+UseConcMarkSweepGC, -XX:CMSInitiatingOccupancyFraction=75, -XX:+UseCMSInitiatingOccupancyOnly, -XX:+AlwaysPreTouch, -Xss1m, -Djava.awt.headless=true, -Dfile.encoding=UTF-8, -Djna.nosys=true, -XX:-OmitStackTraceInFastThrow, -Dio.netty.noUnsafe=true, -Dio.netty.noKeySetOptimization=true, -Dio.netty.recycler.maxCapacityPerThread=0, -Dlog4j.shutdownHookEnabled=false, -Dlog4j2.disable.jmx=true, -Djava.io.tmpdir=/var/folders/gl/15hsrpgn58s54cn2x__l9t7w0000gn/T/elasticsearch.DXim4cP1, -XX:+HeapDumpOnOutOfMemoryError, -Xlog:gc*,gc+age=trace,safepoint:file=logs/gc.log:utctime,pid,tags:filecount=32,filesize=64m, -Djava.locale.providers=COMPAT, -Des.path.home=/Users/shashwat/Desktop/elasticsearch-6.2.3, -Des.path.conf=/Users/shashwat/Desktop/elasticsearch-6.2.3/config]
[2018-03-24T16:58:00,498][INFO ][o.e.p.PluginsService     ] [d-jLEcm] loaded module [aggs-matrix-stats]
[2018-03-24T16:58:00,498][INFO ][o.e.p.PluginsService     ] [d-jLEcm] loaded module [analysis-common]
[2018-03-24T16:58:00,499][INFO ][o.e.p.PluginsService     ] [d-jLEcm] loaded module [ingest-common]
[2018-03-24T16:58:00,499][INFO ][o.e.p.PluginsService     ] [d-jLEcm] loaded module [lang-expression]
[2018-03-24T16:58:00,499][INFO ][o.e.p.PluginsService     ] [d-jLEcm] loaded module [lang-mustache]
[2018-03-24T16:58:00,499][INFO ][o.e.p.PluginsService     ] [d-jLEcm] loaded module [lang-painless]
[2018-03-24T16:58:00,499][INFO ][o.e.p.PluginsService     ] [d-jLEcm] loaded module [mapper-extras]
[2018-03-24T16:58:00,500][INFO ][o.e.p.PluginsService     ] [d-jLEcm] loaded module [parent-join]
[2018-03-24T16:58:00,500][INFO ][o.e.p.PluginsService     ] [d-jLEcm] loaded module [percolator]
[2018-03-24T16:58:00,500][INFO ][o.e.p.PluginsService     ] [d-jLEcm] loaded module [rank-eval]
[2018-03-24T16:58:00,500][INFO ][o.e.p.PluginsService     ] [d-jLEcm] loaded module [reindex]
[2018-03-24T16:58:00,500][INFO ][o.e.p.PluginsService     ] [d-jLEcm] loaded module [repository-url]
[2018-03-24T16:58:00,501][INFO ][o.e.p.PluginsService     ] [d-jLEcm] loaded module [transport-netty4]
[2018-03-24T16:58:00,501][INFO ][o.e.p.PluginsService     ] [d-jLEcm] loaded module [tribe]
[2018-03-24T16:58:00,501][INFO ][o.e.p.PluginsService     ] [d-jLEcm] no plugins loaded
[2018-03-24T16:58:05,733][INFO ][o.e.d.DiscoveryModule    ] [d-jLEcm] using discovery type [zen]
[2018-03-24T16:58:07,370][INFO ][o.e.n.Node               ] initialized
[2018-03-24T16:58:07,371][INFO ][o.e.n.Node               ] [d-jLEcm] starting ...
[2018-03-24T16:58:12,995][INFO ][o.e.t.TransportService   ] [d-jLEcm] publish_address {127.0.0.1:9300}, bound_addresses {[::1]:9300}, {127.0.0.1:9300}
[2018-03-24T16:58:16,125][INFO ][o.e.c.s.MasterService    ] [d-jLEcm] zen-disco-elected-as-master ([0] nodes joined), reason: new_master {d-jLEcm}{d-jLEcm7StSaZbRBYI5WSA}{ouXghzOFSg6pqFXAZDvw7g}{127.0.0.1}{127.0.0.1:9300}
[2018-03-24T16:58:16,134][INFO ][o.e.c.s.ClusterApplierService] [d-jLEcm] new_master {d-jLEcm}{d-jLEcm7StSaZbRBYI5WSA}{ouXghzOFSg6pqFXAZDvw7g}{127.0.0.1}{127.0.0.1:9300}, reason: apply cluster state (from master [master {d-jLEcm}{d-jLEcm7StSaZbRBYI5WSA}{ouXghzOFSg6pqFXAZDvw7g}{127.0.0.1}{127.0.0.1:9300} committed version [1] source [zen-disco-elected-as-master ([0] nodes joined)]])
[2018-03-24T16:58:16,162][INFO ][o.e.h.n.Netty4HttpServerTransport] [d-jLEcm] publish_address {127.0.0.1:9200}, bound_addresses {[::1]:9200}, {127.0.0.1:9200}
[2018-03-24T16:58:16,163][INFO ][o.e.n.Node               ] [d-jLEcm] started
[2018-03-24T16:58:16,188][INFO ][o.e.g.GatewayService     ] [d-jLEcm] recovered [0] indices into cluster_state
[2018-03-24T16:59:08,660][INFO ][o.e.n.Node               ] [d-jLEcm] stopping ...
[2018-03-24T16:59:08,690][INFO ][o.e.n.Node               ] [d-jLEcm] stopped
[2018-03-24T16:59:08,690][INFO ][o.e.n.Node               ] [d-jLEcm] closing ...
[2018-03-24T16:59:08,718][INFO ][o.e.n.Node               ] [d-jLEcm] closed
[2018-03-24T17:02:54,971][INFO ][o.e.n.Node               ] [] initializing ...
[2018-03-24T17:02:55,119][INFO ][o.e.e.NodeEnvironment    ] [d-jLEcm] using [1] data paths, mounts [[/ (/dev/disk1)]], net usable_space [23.2gb], net total_space [111.8gb], types [hfs]
[2018-03-24T17:02:55,120][INFO ][o.e.e.NodeEnvironment    ] [d-jLEcm] heap size [990.7mb], compressed ordinary object pointers [true]
[2018-03-24T17:02:55,123][INFO ][o.e.n.Node               ] node name [d-jLEcm] derived from node ID [d-jLEcm7StSaZbRBYI5WSA]; set [node.name] to override
[2018-03-24T17:02:55,124][INFO ][o.e.n.Node               ] version[6.2.3], pid[69592], build[c59ff00/2018-03-13T10:06:29.741383Z], OS[Mac OS X/10.12.6/x86_64], JVM[Oracle Corporation/Java HotSpot(TM) 64-Bit Server VM/9.0.4/9.0.4+11]
[2018-03-24T17:02:55,125][INFO ][o.e.n.Node               ] JVM arguments [-Xms1g, -Xmx1g, -XX:+UseConcMarkSweepGC, -XX:CMSInitiatingOccupancyFraction=75, -XX:+UseCMSInitiatingOccupancyOnly, -XX:+AlwaysPreTouch, -Xss1m, -Djava.awt.headless=true, -Dfile.encoding=UTF-8, -Djna.nosys=true, -XX:-OmitStackTraceInFastThrow, -Dio.netty.noUnsafe=true, -Dio.netty.noKeySetOptimization=true, -Dio.netty.recycler.maxCapacityPerThread=0, -Dlog4j.shutdownHookEnabled=false, -Dlog4j2.disable.jmx=true, -Djava.io.tmpdir=/var/folders/gl/15hsrpgn58s54cn2x__l9t7w0000gn/T/elasticsearch.XliL2lCu, -XX:+HeapDumpOnOutOfMemoryError, -Xlog:gc*,gc+age=trace,safepoint:file=logs/gc.log:utctime,pid,tags:filecount=32,filesize=64m, -Djava.locale.providers=COMPAT, -Des.path.home=/Users/shashwat/TestProjects/ContentSave/elasticsearch-6.2.3, -Des.path.conf=/Users/shashwat/TestProjects/ContentSave/elasticsearch-6.2.3/config]
[2018-03-24T17:02:56,245][INFO ][o.e.p.PluginsService     ] [d-jLEcm] loaded module [aggs-matrix-stats]
[2018-03-24T17:02:56,245][INFO ][o.e.p.PluginsService     ] [d-jLEcm] loaded module [analysis-common]
[2018-03-24T17:02:56,245][INFO ][o.e.p.PluginsService     ] [d-jLEcm] loaded module [ingest-common]
[2018-03-24T17:02:56,245][INFO ][o.e.p.PluginsService     ] [d-jLEcm] loaded module [lang-expression]
[2018-03-24T17:02:56,245][INFO ][o.e.p.PluginsService     ] [d-jLEcm] loaded module [lang-mustache]
[2018-03-24T17:02:56,246][INFO ][o.e.p.PluginsService     ] [d-jLEcm] loaded module [lang-painless]
[2018-03-24T17:02:56,246][INFO ][o.e.p.PluginsService     ] [d-jLEcm] loaded module [mapper-extras]
[2018-03-24T17:02:56,246][INFO ][o.e.p.PluginsService     ] [d-jLEcm] loaded module [parent-join]
[2018-03-24T17:02:56,246][INFO ][o.e.p.PluginsService     ] [d-jLEcm] loaded module [percolator]
[2018-03-24T17:02:56,246][INFO ][o.e.p.PluginsService     ] [d-jLEcm] loaded module [rank-eval]
[2018-03-24T17:02:56,247][INFO ][o.e.p.PluginsService     ] [d-jLEcm] loaded module [reindex]
[2018-03-24T17:02:56,247][INFO ][o.e.p.PluginsService     ] [d-jLEcm] loaded module [repository-url]
[2018-03-24T17:02:56,247][INFO ][o.e.p.PluginsService     ] [d-jLEcm] loaded module [transport-netty4]
[2018-03-24T17:02:56,247][INFO ][o.e.p.PluginsService     ] [d-jLEcm] loaded module [tribe]
[2018-03-24T17:02:56,248][INFO ][o.e.p.PluginsService     ] [d-jLEcm] no plugins loaded
[2018-03-24T17:03:00,580][INFO ][o.e.d.DiscoveryModule    ] [d-jLEcm] using discovery type [zen]
[2018-03-24T17:03:01,397][INFO ][o.e.n.Node               ] initialized
[2018-03-24T17:03:01,397][INFO ][o.e.n.Node               ] [d-jLEcm] starting ...
[2018-03-24T17:03:06,746][INFO ][o.e.t.TransportService   ] [d-jLEcm] publish_address {127.0.0.1:9300}, bound_addresses {[::1]:9300}, {127.0.0.1:9300}
[2018-03-24T17:03:09,866][INFO ][o.e.c.s.MasterService    ] [d-jLEcm] zen-disco-elected-as-master ([0] nodes joined), reason: new_master {d-jLEcm}{d-jLEcm7StSaZbRBYI5WSA}{bGrpzTjdTiC1fv9eZjVpbA}{127.0.0.1}{127.0.0.1:9300}
[2018-03-24T17:03:09,873][INFO ][o.e.c.s.ClusterApplierService] [d-jLEcm] new_master {d-jLEcm}{d-jLEcm7StSaZbRBYI5WSA}{bGrpzTjdTiC1fv9eZjVpbA}{127.0.0.1}{127.0.0.1:9300}, reason: apply cluster state (from master [master {d-jLEcm}{d-jLEcm7StSaZbRBYI5WSA}{bGrpzTjdTiC1fv9eZjVpbA}{127.0.0.1}{127.0.0.1:9300} committed version [1] source [zen-disco-elected-as-master ([0] nodes joined)]])
[2018-03-24T17:03:09,896][INFO ][o.e.h.n.Netty4HttpServerTransport] [d-jLEcm] publish_address {127.0.0.1:9200}, bound_addresses {[::1]:9200}, {127.0.0.1:9200}
[2018-03-24T17:03:09,897][INFO ][o.e.n.Node               ] [d-jLEcm] started
[2018-03-24T17:03:09,936][INFO ][o.e.g.GatewayService     ] [d-jLEcm] recovered [0] indices into cluster_state
[2018-03-24T17:04:09,933][INFO ][o.e.n.Node               ] [d-jLEcm] stopping ...
[2018-03-24T17:04:09,955][INFO ][o.e.n.Node               ] [d-jLEcm] stopped
[2018-03-24T17:04:09,955][INFO ][o.e.n.Node               ] [d-jLEcm] closing ...
[2018-03-24T17:04:09,963][INFO ][o.e.n.Node               ] [d-jLEcm] closed
[2018-03-24T17:06:33,887][INFO ][o.e.n.Node               ] [] initializing ...
[2018-03-24T17:06:34,062][INFO ][o.e.e.NodeEnvironment    ] [d-jLEcm] using [1] data paths, mounts [[/ (/dev/disk1)]], net usable_space [23.2gb], net total_space [111.8gb], types [hfs]
[2018-03-24T17:06:34,062][INFO ][o.e.e.NodeEnvironment    ] [d-jLEcm] heap size [990.7mb], compressed ordinary object pointers [true]
[2018-03-24T17:06:34,065][INFO ][o.e.n.Node               ] node name [d-jLEcm] derived from node ID [d-jLEcm7StSaZbRBYI5WSA]; set [node.name] to override
[2018-03-24T17:06:34,066][INFO ][o.e.n.Node               ] version[6.2.3], pid[72045], build[c59ff00/2018-03-13T10:06:29.741383Z], OS[Mac OS X/10.12.6/x86_64], JVM[Oracle Corporation/Java HotSpot(TM) 64-Bit Server VM/9.0.4/9.0.4+11]
[2018-03-24T17:06:34,067][INFO ][o.e.n.Node               ] JVM arguments [-Xms1g, -Xmx1g, -XX:+UseConcMarkSweepGC, -XX:CMSInitiatingOccupancyFraction=75, -XX:+UseCMSInitiatingOccupancyOnly, -XX:+AlwaysPreTouch, -Xss1m, -Djava.awt.headless=true, -Dfile.encoding=UTF-8, -Djna.nosys=true, -XX:-OmitStackTraceInFastThrow, -Dio.netty.noUnsafe=true, -Dio.netty.noKeySetOptimization=true, -Dio.netty.recycler.maxCapacityPerThread=0, -Dlog4j.shutdownHookEnabled=false, -Dlog4j2.disable.jmx=true, -Djava.io.tmpdir=/var/folders/gl/15hsrpgn58s54cn2x__l9t7w0000gn/T/elasticsearch.j6RjzcIN, -XX:+HeapDumpOnOutOfMemoryError, -Xlog:gc*,gc+age=trace,safepoint:file=logs/gc.log:utctime,pid,tags:filecount=32,filesize=64m, -Djava.locale.providers=COMPAT, -Des.path.home=/Users/shashwat/TestProjects/ContentSave/elasticsearch-6.2.3, -Des.path.conf=/Users/shashwat/TestProjects/ContentSave/elasticsearch-6.2.3/config]
[2018-03-24T17:06:34,989][INFO ][o.e.p.PluginsService     ] [d-jLEcm] loaded module [aggs-matrix-stats]
[2018-03-24T17:06:34,989][INFO ][o.e.p.PluginsService     ] [d-jLEcm] loaded module [analysis-common]
[2018-03-24T17:06:34,989][INFO ][o.e.p.PluginsService     ] [d-jLEcm] loaded module [ingest-common]
[2018-03-24T17:06:34,990][INFO ][o.e.p.PluginsService     ] [d-jLEcm] loaded module [lang-expression]
[2018-03-24T17:06:34,990][INFO ][o.e.p.PluginsService     ] [d-jLEcm] loaded module [lang-mustache]
[2018-03-24T17:06:34,990][INFO ][o.e.p.PluginsService     ] [d-jLEcm] loaded module [lang-painless]
[2018-03-24T17:06:34,990][INFO ][o.e.p.PluginsService     ] [d-jLEcm] loaded module [mapper-extras]
[2018-03-24T17:06:34,991][INFO ][o.e.p.PluginsService     ] [d-jLEcm] loaded module [parent-join]
[2018-03-24T17:06:34,991][INFO ][o.e.p.PluginsService     ] [d-jLEcm] loaded module [percolator]
[2018-03-24T17:06:34,991][INFO ][o.e.p.PluginsService     ] [d-jLEcm] loaded module [rank-eval]
[2018-03-24T17:06:34,992][INFO ][o.e.p.PluginsService     ] [d-jLEcm] loaded module [reindex]
[2018-03-24T17:06:34,992][INFO ][o.e.p.PluginsService     ] [d-jLEcm] loaded module [repository-url]
[2018-03-24T17:06:34,992][INFO ][o.e.p.PluginsService     ] [d-jLEcm] loaded module [transport-netty4]
[2018-03-24T17:06:34,992][INFO ][o.e.p.PluginsService     ] [d-jLEcm] loaded module [tribe]
[2018-03-24T17:06:34,993][INFO ][o.e.p.PluginsService     ] [d-jLEcm] no plugins loaded
[2018-03-24T17:06:36,989][ERROR][o.e.b.Bootstrap          ] Exception
java.lang.IllegalArgumentException: unknown setting [path.conf] please check that any required plugins are installed, or check the breaking changes documentation for removed settings
	at org.elasticsearch.common.settings.AbstractScopedSettings.validate(AbstractScopedSettings.java:346) ~[elasticsearch-6.2.3.jar:6.2.3]
	at org.elasticsearch.common.settings.AbstractScopedSettings.validate(AbstractScopedSettings.java:310) ~[elasticsearch-6.2.3.jar:6.2.3]
	at org.elasticsearch.common.settings.AbstractScopedSettings.validate(AbstractScopedSettings.java:284) ~[elasticsearch-6.2.3.jar:6.2.3]
	at org.elasticsearch.common.settings.SettingsModule.<init>(SettingsModule.java:134) ~[elasticsearch-6.2.3.jar:6.2.3]
	at org.elasticsearch.node.Node.<init>(Node.java:331) ~[elasticsearch-6.2.3.jar:6.2.3]
	at org.elasticsearch.node.Node.<init>(Node.java:246) ~[elasticsearch-6.2.3.jar:6.2.3]
	at org.elasticsearch.bootstrap.Bootstrap$5.<init>(Bootstrap.java:213) ~[elasticsearch-6.2.3.jar:6.2.3]
	at org.elasticsearch.bootstrap.Bootstrap.setup(Bootstrap.java:213) ~[elasticsearch-6.2.3.jar:6.2.3]
	at org.elasticsearch.bootstrap.Bootstrap.init(Bootstrap.java:323) [elasticsearch-6.2.3.jar:6.2.3]
	at org.elasticsearch.bootstrap.Elasticsearch.init(Elasticsearch.java:121) [elasticsearch-6.2.3.jar:6.2.3]
	at org.elasticsearch.bootstrap.Elasticsearch.execute(Elasticsearch.java:112) [elasticsearch-6.2.3.jar:6.2.3]
	at org.elasticsearch.cli.EnvironmentAwareCommand.execute(EnvironmentAwareCommand.java:86) [elasticsearch-6.2.3.jar:6.2.3]
	at org.elasticsearch.cli.Command.mainWithoutErrorHandling(Command.java:124) [elasticsearch-cli-6.2.3.jar:6.2.3]
	at org.elasticsearch.cli.Command.main(Command.java:90) [elasticsearch-cli-6.2.3.jar:6.2.3]
	at org.elasticsearch.bootstrap.Elasticsearch.main(Elasticsearch.java:92) [elasticsearch-6.2.3.jar:6.2.3]
	at org.elasticsearch.bootstrap.Elasticsearch.main(Elasticsearch.java:85) [elasticsearch-6.2.3.jar:6.2.3]
[2018-03-24T17:06:37,001][WARN ][o.e.b.ElasticsearchUncaughtExceptionHandler] [] uncaught exception in thread [main]
org.elasticsearch.bootstrap.StartupException: java.lang.IllegalArgumentException: unknown setting [path.conf] please check that any required plugins are installed, or check the breaking changes documentation for removed settings
	at org.elasticsearch.bootstrap.Elasticsearch.init(Elasticsearch.java:125) ~[elasticsearch-6.2.3.jar:6.2.3]
	at org.elasticsearch.bootstrap.Elasticsearch.execute(Elasticsearch.java:112) ~[elasticsearch-6.2.3.jar:6.2.3]
	at org.elasticsearch.cli.EnvironmentAwareCommand.execute(EnvironmentAwareCommand.java:86) ~[elasticsearch-6.2.3.jar:6.2.3]
	at org.elasticsearch.cli.Command.mainWithoutErrorHandling(Command.java:124) ~[elasticsearch-cli-6.2.3.jar:6.2.3]
	at org.elasticsearch.cli.Command.main(Command.java:90) ~[elasticsearch-cli-6.2.3.jar:6.2.3]
	at org.elasticsearch.bootstrap.Elasticsearch.main(Elasticsearch.java:92) ~[elasticsearch-6.2.3.jar:6.2.3]
	at org.elasticsearch.bootstrap.Elasticsearch.main(Elasticsearch.java:85) ~[elasticsearch-6.2.3.jar:6.2.3]
Caused by: java.lang.IllegalArgumentException: unknown setting [path.conf] please check that any required plugins are installed, or check the breaking changes documentation for removed settings
	at org.elasticsearch.common.settings.AbstractScopedSettings.validate(AbstractScopedSettings.java:346) ~[elasticsearch-6.2.3.jar:6.2.3]
	at org.elasticsearch.common.settings.AbstractScopedSettings.validate(AbstractScopedSettings.java:310) ~[elasticsearch-6.2.3.jar:6.2.3]
	at org.elasticsearch.common.settings.AbstractScopedSettings.validate(AbstractScopedSettings.java:284) ~[elasticsearch-6.2.3.jar:6.2.3]
	at org.elasticsearch.common.settings.SettingsModule.<init>(SettingsModule.java:134) ~[elasticsearch-6.2.3.jar:6.2.3]
	at org.elasticsearch.node.Node.<init>(Node.java:331) ~[elasticsearch-6.2.3.jar:6.2.3]
	at org.elasticsearch.node.Node.<init>(Node.java:246) ~[elasticsearch-6.2.3.jar:6.2.3]
	at org.elasticsearch.bootstrap.Bootstrap$5.<init>(Bootstrap.java:213) ~[elasticsearch-6.2.3.jar:6.2.3]
	at org.elasticsearch.bootstrap.Bootstrap.setup(Bootstrap.java:213) ~[elasticsearch-6.2.3.jar:6.2.3]
	at org.elasticsearch.bootstrap.Bootstrap.init(Bootstrap.java:323) ~[elasticsearch-6.2.3.jar:6.2.3]
	at org.elasticsearch.bootstrap.Elasticsearch.init(Elasticsearch.java:121) ~[elasticsearch-6.2.3.jar:6.2.3]
	... 6 more
