[2018-03-24T11:36:27.215+0000][72045][gc] Using Concurrent Mark Sweep
[2018-03-24T11:36:27.215+0000][72045][gc,heap,coops] Heap address: 0x0000000780000000, size: 1024 MB, Compressed Oops mode: Zero based, Oop shift amount: 3
[2018-03-24T11:36:27.373+0000][72045][safepoint    ] Application time: 0.0031023 seconds
[2018-03-24T11:36:27.373+0000][72045][safepoint    ] Total time for which application threads were stopped: 0.0000933 seconds, Stopping threads took: 0.0000144 seconds
[2018-03-24T11:36:27.512+0000][72045][safepoint    ] Application time: 0.1388500 seconds
[2018-03-24T11:36:27.512+0000][72045][safepoint    ] Total time for which application threads were stopped: 0.0001085 seconds, Stopping threads took: 0.0000179 seconds
[2018-03-24T11:36:27.557+0000][72045][safepoint    ] Application time: 0.0452631 seconds
[2018-03-24T11:36:27.557+0000][72045][safepoint    ] Total time for which application threads were stopped: 0.0000823 seconds, Stopping threads took: 0.0000120 seconds
[2018-03-24T11:36:27.831+0000][72045][safepoint    ] Application time: 0.2735648 seconds
[2018-03-24T11:36:27.831+0000][72045][safepoint    ] Total time for which application threads were stopped: 0.0002198 seconds, Stopping threads took: 0.0000180 seconds
[2018-03-24T11:36:27.920+0000][72045][safepoint    ] Application time: 0.0891250 seconds
[2018-03-24T11:36:27.920+0000][72045][safepoint    ] Total time for which application threads were stopped: 0.0001581 seconds, Stopping threads took: 0.0000158 seconds
[2018-03-24T11:36:27.961+0000][72045][safepoint    ] Application time: 0.0408506 seconds
[2018-03-24T11:36:27.961+0000][72045][safepoint    ] Total time for which application threads were stopped: 0.0001840 seconds, Stopping threads took: 0.0000164 seconds
[2018-03-24T11:36:27.986+0000][72045][safepoint    ] Application time: 0.0246909 seconds
[2018-03-24T11:36:27.986+0000][72045][safepoint    ] Total time for which application threads were stopped: 0.0001953 seconds, Stopping threads took: 0.0000296 seconds
[2018-03-24T11:36:28.992+0000][72045][safepoint    ] Application time: 1.0051916 seconds
[2018-03-24T11:36:28.992+0000][72045][safepoint    ] Total time for which application threads were stopped: 0.0001554 seconds, Stopping threads took: 0.0000243 seconds
[2018-03-24T11:36:31.399+0000][72045][safepoint    ] Application time: 2.4066908 seconds
[2018-03-24T11:36:31.399+0000][72045][safepoint    ] Total time for which application threads were stopped: 0.0001924 seconds, Stopping threads took: 0.0000242 seconds
[2018-03-24T11:36:33.402+0000][72045][safepoint    ] Application time: 2.0033290 seconds
[2018-03-24T11:36:33.403+0000][72045][safepoint    ] Total time for which application threads were stopped: 0.0001559 seconds, Stopping threads took: 0.0001136 seconds
[2018-03-24T11:36:33.408+0000][72045][safepoint    ] Application time: 0.0054877 seconds
[2018-03-24T11:36:33.408+0000][72045][safepoint    ] Total time for which application threads were stopped: 0.0002082 seconds, Stopping threads took: 0.0000173 seconds
[2018-03-24T11:36:33.460+0000][72045][safepoint    ] Application time: 0.0512206 seconds
[2018-03-24T11:36:33.460+0000][72045][safepoint    ] Total time for which application threads were stopped: 0.0001604 seconds, Stopping threads took: 0.0000134 seconds
[2018-03-24T11:36:33.554+0000][72045][safepoint    ] Application time: 0.0937140 seconds
[2018-03-24T11:36:33.554+0000][72045][safepoint    ] Total time for which application threads were stopped: 0.0001613 seconds, Stopping threads took: 0.0000113 seconds
[2018-03-24T11:36:33.765+0000][72045][safepoint    ] Application time: 0.2108771 seconds
[2018-03-24T11:36:33.765+0000][72045][safepoint    ] Total time for which application threads were stopped: 0.0002838 seconds, Stopping threads took: 0.0000160 seconds
[2018-03-24T11:36:34.013+0000][72045][safepoint    ] Application time: 0.2475321 seconds
[2018-03-24T11:36:34.013+0000][72045][safepoint    ] Total time for which application threads were stopped: 0.0004155 seconds, Stopping threads took: 0.0000188 seconds
[2018-03-24T11:36:34.241+0000][72045][safepoint    ] Application time: 0.2276617 seconds
[2018-03-24T11:36:34.241+0000][72045][safepoint    ] Total time for which application threads were stopped: 0.0003371 seconds, Stopping threads took: 0.0000483 seconds
[2018-03-24T11:36:34.281+0000][72045][safepoint    ] Application time: 0.0402819 seconds
[2018-03-24T11:36:34.282+0000][72045][safepoint    ] Total time for which application threads were stopped: 0.0003473 seconds, Stopping threads took: 0.0000396 seconds
[2018-03-24T11:36:34.409+0000][72045][safepoint    ] Application time: 0.1267709 seconds
[2018-03-24T11:36:34.409+0000][72045][safepoint    ] Total time for which application threads were stopped: 0.0001547 seconds, Stopping threads took: 0.0000458 seconds
[2018-03-24T11:36:34.485+0000][72045][safepoint    ] Application time: 0.0761989 seconds
[2018-03-24T11:36:34.485+0000][72045][safepoint    ] Total time for which application threads were stopped: 0.0003629 seconds, Stopping threads took: 0.0000453 seconds
[2018-03-24T11:36:34.718+0000][72045][safepoint    ] Application time: 0.2328030 seconds
[2018-03-24T11:36:34.718+0000][72045][gc,start     ] GC(0) Pause Young (Allocation Failure)
[2018-03-24T11:36:34.719+0000][72045][gc,task      ] GC(0) Using 4 workers of 4 for evacuation
[2018-03-24T11:36:34.737+0000][72045][gc,age       ] GC(0) Desired survivor size 17432576 bytes, new threshold 1 (max threshold 6)
[2018-03-24T11:36:34.737+0000][72045][gc,age       ] GC(0) Age table with threshold 1 (max threshold 6)
[2018-03-24T11:36:34.737+0000][72045][gc,age       ] GC(0) - age   1:   18831128 bytes,   18831128 total
[2018-03-24T11:36:34.737+0000][72045][gc,heap      ] GC(0) ParNew: 272640K->18483K(306688K)
[2018-03-24T11:36:34.737+0000][72045][gc,heap      ] GC(0) CMS: 0K->0K(707840K)
[2018-03-24T11:36:34.737+0000][72045][gc,metaspace ] GC(0) Metaspace: 21270K->21270K(1069056K)
[2018-03-24T11:36:34.737+0000][72045][gc           ] GC(0) Pause Young (Allocation Failure) 266M->18M(990M) 18.500ms
[2018-03-24T11:36:34.737+0000][72045][gc,cpu       ] GC(0) User=0.05s Sys=0.00s Real=0.02s
[2018-03-24T11:36:34.737+0000][72045][safepoint    ] Total time for which application threads were stopped: 0.0186953 seconds, Stopping threads took: 0.0000188 seconds
[2018-03-24T11:36:34.737+0000][72045][safepoint    ] Application time: 0.0000994 seconds
[2018-03-24T11:36:34.737+0000][72045][gc,start     ] GC(1) Pause Initial Mark
[2018-03-24T11:36:34.742+0000][72045][gc           ] GC(1) Pause Initial Mark 23M->23M(990M) 4.369ms
[2018-03-24T11:36:34.742+0000][72045][gc,cpu       ] GC(1) User=0.01s Sys=0.00s Real=0.01s
[2018-03-24T11:36:34.742+0000][72045][safepoint    ] Total time for which application threads were stopped: 0.0045028 seconds, Stopping threads took: 0.0000262 seconds
[2018-03-24T11:36:34.742+0000][72045][gc           ] GC(1) Concurrent Mark
[2018-03-24T11:36:34.745+0000][72045][gc           ] GC(1) Concurrent Mark 3.292ms
[2018-03-24T11:36:34.745+0000][72045][gc,cpu       ] GC(1) User=0.01s Sys=0.00s Real=0.00s
[2018-03-24T11:36:34.745+0000][72045][safepoint    ] Application time: 0.0034243 seconds
[2018-03-24T11:36:34.745+0000][72045][safepoint    ] Total time for which application threads were stopped: 0.0001818 seconds, Stopping threads took: 0.0001162 seconds
[2018-03-24T11:36:34.745+0000][72045][gc           ] GC(1) Concurrent Preclean
[2018-03-24T11:36:34.747+0000][72045][gc           ] GC(1) Concurrent Preclean 1.340ms
[2018-03-24T11:36:34.747+0000][72045][gc,cpu       ] GC(1) User=0.01s Sys=0.00s Real=0.00s
[2018-03-24T11:36:34.747+0000][72045][gc           ] GC(1) Concurrent Abortable Preclean
[2018-03-24T11:36:34.749+0000][72045][safepoint    ] Application time: 0.0039998 seconds
[2018-03-24T11:36:34.749+0000][72045][safepoint    ] Total time for which application threads were stopped: 0.0000821 seconds, Stopping threads took: 0.0000197 seconds
[2018-03-24T11:36:34.750+0000][72045][safepoint    ] Application time: 0.0001222 seconds
[2018-03-24T11:36:34.750+0000][72045][safepoint    ] Total time for which application threads were stopped: 0.0000611 seconds, Stopping threads took: 0.0000107 seconds
[2018-03-24T11:36:34.750+0000][72045][safepoint    ] Application time: 0.0000603 seconds
[2018-03-24T11:36:34.750+0000][72045][safepoint    ] Total time for which application threads were stopped: 0.0001990 seconds, Stopping threads took: 0.0001059 seconds
[2018-03-24T11:36:34.750+0000][72045][safepoint    ] Application time: 0.0000573 seconds
[2018-03-24T11:36:34.750+0000][72045][safepoint    ] Total time for which application threads were stopped: 0.0001422 seconds, Stopping threads took: 0.0000804 seconds
[2018-03-24T11:36:34.750+0000][72045][safepoint    ] Application time: 0.0000572 seconds
[2018-03-24T11:36:34.751+0000][72045][safepoint    ] Total time for which application threads were stopped: 0.0002638 seconds, Stopping threads took: 0.0002087 seconds
[2018-03-24T11:36:34.751+0000][72045][safepoint    ] Application time: 0.0000586 seconds
[2018-03-24T11:36:34.751+0000][72045][safepoint    ] Total time for which application threads were stopped: 0.0000707 seconds, Stopping threads took: 0.0000283 seconds
[2018-03-24T11:36:34.751+0000][72045][safepoint    ] Application time: 0.0000575 seconds
[2018-03-24T11:36:34.751+0000][72045][safepoint    ] Total time for which application threads were stopped: 0.0000508 seconds, Stopping threads took: 0.0000120 seconds
[2018-03-24T11:36:34.751+0000][72045][safepoint    ] Application time: 0.0000577 seconds
[2018-03-24T11:36:34.751+0000][72045][safepoint    ] Total time for which application threads were stopped: 0.0001332 seconds, Stopping threads took: 0.0000713 seconds
[2018-03-24T11:36:34.751+0000][72045][safepoint    ] Application time: 0.0000530 seconds
[2018-03-24T11:36:34.751+0000][72045][safepoint    ] Total time for which application threads were stopped: 0.0000576 seconds, Stopping threads took: 0.0000099 seconds
[2018-03-24T11:36:34.751+0000][72045][safepoint    ] Application time: 0.0000548 seconds
[2018-03-24T11:36:34.751+0000][72045][safepoint    ] Total time for which application threads were stopped: 0.0000919 seconds, Stopping threads took: 0.0000325 seconds
[2018-03-24T11:36:34.752+0000][72045][safepoint    ] Application time: 0.0000722 seconds
[2018-03-24T11:36:34.752+0000][72045][safepoint    ] Total time for which application threads were stopped: 0.0000604 seconds, Stopping threads took: 0.0000195 seconds
[2018-03-24T11:36:34.752+0000][72045][safepoint    ] Application time: 0.0000546 seconds
[2018-03-24T11:36:34.752+0000][72045][safepoint    ] Total time for which application threads were stopped: 0.0000679 seconds, Stopping threads took: 0.0000250 seconds
[2018-03-24T11:36:34.752+0000][72045][safepoint    ] Application time: 0.0000566 seconds
[2018-03-24T11:36:34.752+0000][72045][safepoint    ] Total time for which application threads were stopped: 0.0001355 seconds, Stopping threads took: 0.0000964 seconds
[2018-03-24T11:36:34.752+0000][72045][safepoint    ] Application time: 0.0000553 seconds
[2018-03-24T11:36:34.752+0000][72045][safepoint    ] Total time for which application threads were stopped: 0.0000762 seconds, Stopping threads took: 0.0000332 seconds
[2018-03-24T11:36:34.752+0000][72045][safepoint    ] Application time: 0.0000506 seconds
[2018-03-24T11:36:34.752+0000][72045][safepoint    ] Total time for which application threads were stopped: 0.0000489 seconds, Stopping threads took: 0.0000188 seconds
[2018-03-24T11:36:34.752+0000][72045][safepoint    ] Application time: 0.0000476 seconds
[2018-03-24T11:36:34.753+0000][72045][safepoint    ] Total time for which application threads were stopped: 0.0001416 seconds, Stopping threads took: 0.0000822 seconds
[2018-03-24T11:36:34.753+0000][72045][safepoint    ] Application time: 0.0000499 seconds
[2018-03-24T11:36:34.753+0000][72045][safepoint    ] Total time for which application threads were stopped: 0.0001131 seconds, Stopping threads took: 0.0000635 seconds
[2018-03-24T11:36:34.753+0000][72045][safepoint    ] Application time: 0.0000526 seconds
[2018-03-24T11:36:34.753+0000][72045][safepoint    ] Total time for which application threads were stopped: 0.0000766 seconds, Stopping threads took: 0.0000247 seconds
[2018-03-24T11:36:34.753+0000][72045][safepoint    ] Application time: 0.0000633 seconds
[2018-03-24T11:36:34.753+0000][72045][safepoint    ] Total time for which application threads were stopped: 0.0001457 seconds, Stopping threads took: 0.0000674 seconds
[2018-03-24T11:36:34.754+0000][72045][safepoint    ] Application time: 0.0003237 seconds
[2018-03-24T11:36:34.754+0000][72045][safepoint    ] Total time for which application threads were stopped: 0.0001362 seconds, Stopping threads took: 0.0000878 seconds
[2018-03-24T11:36:34.914+0000][72045][safepoint    ] Application time: 0.1603893 seconds
[2018-03-24T11:36:34.914+0000][72045][safepoint    ] Total time for which application threads were stopped: 0.0001193 seconds, Stopping threads took: 0.0000275 seconds
[2018-03-24T11:36:34.931+0000][72045][safepoint    ] Application time: 0.0169269 seconds
[2018-03-24T11:36:34.932+0000][72045][safepoint    ] Total time for which application threads were stopped: 0.0003084 seconds, Stopping threads took: 0.0000143 seconds
[2018-03-24T11:36:35.002+0000][72045][safepoint    ] Application time: 0.0700132 seconds
[2018-03-24T11:36:35.002+0000][72045][safepoint    ] Total time for which application threads were stopped: 0.0003229 seconds, Stopping threads took: 0.0000352 seconds
[2018-03-24T11:36:35.046+0000][72045][safepoint    ] Application time: 0.0441669 seconds
[2018-03-24T11:36:35.046+0000][72045][safepoint    ] Total time for which application threads were stopped: 0.0001638 seconds, Stopping threads took: 0.0000160 seconds
[2018-03-24T11:36:35.082+0000][72045][safepoint    ] Application time: 0.0360171 seconds
[2018-03-24T11:36:35.083+0000][72045][safepoint    ] Total time for which application threads were stopped: 0.0003391 seconds, Stopping threads took: 0.0000210 seconds
[2018-03-24T11:36:35.118+0000][72045][safepoint    ] Application time: 0.0347097 seconds
[2018-03-24T11:36:35.118+0000][72045][safepoint    ] Total time for which application threads were stopped: 0.0002627 seconds, Stopping threads took: 0.0000168 seconds
[2018-03-24T11:36:35.160+0000][72045][safepoint    ] Application time: 0.0416729 seconds
[2018-03-24T11:36:35.160+0000][72045][safepoint    ] Total time for which application threads were stopped: 0.0003116 seconds, Stopping threads took: 0.0000169 seconds
[2018-03-24T11:36:35.180+0000][72045][safepoint    ] Application time: 0.0197562 seconds
[2018-03-24T11:36:35.180+0000][72045][safepoint    ] Total time for which application threads were stopped: 0.0003048 seconds, Stopping threads took: 0.0000179 seconds
[2018-03-24T11:36:35.199+0000][72045][safepoint    ] Application time: 0.0188224 seconds
[2018-03-24T11:36:35.199+0000][72045][safepoint    ] Total time for which application threads were stopped: 0.0003437 seconds, Stopping threads took: 0.0000248 seconds
[2018-03-24T11:36:35.221+0000][72045][safepoint    ] Application time: 0.0219545 seconds
[2018-03-24T11:36:35.222+0000][72045][safepoint    ] Total time for which application threads were stopped: 0.0003011 seconds, Stopping threads took: 0.0000177 seconds
[2018-03-24T11:36:35.253+0000][72045][safepoint    ] Application time: 0.0316961 seconds
[2018-03-24T11:36:35.254+0000][72045][safepoint    ] Total time for which application threads were stopped: 0.0002723 seconds, Stopping threads took: 0.0000158 seconds
[2018-03-24T11:36:35.272+0000][72045][safepoint    ] Application time: 0.0180740 seconds
[2018-03-24T11:36:35.272+0000][72045][safepoint    ] Total time for which application threads were stopped: 0.0004122 seconds, Stopping threads took: 0.0000186 seconds
[2018-03-24T11:36:35.335+0000][72045][safepoint    ] Application time: 0.0625439 seconds
[2018-03-24T11:36:35.335+0000][72045][safepoint    ] Total time for which application threads were stopped: 0.0003544 seconds, Stopping threads took: 0.0000233 seconds
[2018-03-24T11:36:35.335+0000][72045][gc           ] GC(1) Concurrent Abortable Preclean 588.333ms
[2018-03-24T11:36:35.335+0000][72045][gc,cpu       ] GC(1) User=2.05s Sys=0.06s Real=0.59s
[2018-03-24T11:36:35.335+0000][72045][safepoint    ] Application time: 0.0001355 seconds
[2018-03-24T11:36:35.335+0000][72045][gc,start     ] GC(1) Pause Remark
[2018-03-24T11:36:35.379+0000][72045][gc           ] GC(1) Pause Remark 157M->157M(990M) 43.613ms
[2018-03-24T11:36:35.379+0000][72045][gc,cpu       ] GC(1) User=0.15s Sys=0.00s Real=0.04s
[2018-03-24T11:36:35.379+0000][72045][safepoint    ] Total time for which application threads were stopped: 0.0437569 seconds, Stopping threads took: 0.0000387 seconds
[2018-03-24T11:36:35.379+0000][72045][gc           ] GC(1) Concurrent Sweep
[2018-03-24T11:36:35.379+0000][72045][gc           ] GC(1) Concurrent Sweep 0.027ms
[2018-03-24T11:36:35.379+0000][72045][gc,cpu       ] GC(1) User=0.00s Sys=0.00s Real=0.00s
[2018-03-24T11:36:35.379+0000][72045][gc           ] GC(1) Concurrent Reset
[2018-03-24T11:36:35.380+0000][72045][gc           ] GC(1) Concurrent Reset 0.897ms
[2018-03-24T11:36:35.380+0000][72045][gc,cpu       ] GC(1) User=0.00s Sys=0.00s Real=0.01s
[2018-03-24T11:36:35.380+0000][72045][gc,heap      ] GC(1) Old: 0K->0K(707840K)
[2018-03-24T11:36:36.380+0000][72045][safepoint    ] Application time: 1.0008937 seconds
[2018-03-24T11:36:36.380+0000][72045][safepoint    ] Total time for which application threads were stopped: 0.0001154 seconds, Stopping threads took: 0.0000183 seconds
[2018-03-24T11:36:36.750+0000][72045][safepoint    ] Application time: 0.3698631 seconds
[2018-03-24T11:36:36.750+0000][72045][safepoint    ] Total time for which application threads were stopped: 0.0001207 seconds, Stopping threads took: 0.0000380 seconds
[2018-03-24T11:36:36.756+0000][72045][safepoint    ] Application time: 0.0057546 seconds
[2018-03-24T11:36:36.756+0000][72045][safepoint    ] Total time for which application threads were stopped: 0.0000893 seconds, Stopping threads took: 0.0000222 seconds
[2018-03-24T11:36:36.987+0000][72045][safepoint    ] Application time: 0.2310642 seconds
[2018-03-24T11:36:36.987+0000][72045][safepoint    ] Total time for which application threads were stopped: 0.0001106 seconds, Stopping threads took: 0.0000374 seconds
[2018-03-24T11:36:37.005+0000][72045][safepoint    ] Application time: 0.0173645 seconds
[2018-03-24T11:36:37.005+0000][72045][safepoint    ] Total time for which application threads were stopped: 0.0000434 seconds, Stopping threads took: 0.0000114 seconds
[2018-03-24T11:36:37.006+0000][72045][safepoint    ] Application time: 0.0010250 seconds
[2018-03-24T11:36:37.006+0000][72045][safepoint    ] Total time for which application threads were stopped: 0.0000474 seconds, Stopping threads took: 0.0000174 seconds
[2018-03-24T11:36:37.008+0000][72045][safepoint    ] Application time: 0.0021182 seconds
[2018-03-24T11:36:37.008+0000][72045][safepoint    ] Total time for which application threads were stopped: 0.0000393 seconds, Stopping threads took: 0.0000176 seconds
[2018-03-24T11:36:37.009+0000][72045][safepoint    ] Application time: 0.0003020 seconds
[2018-03-24T11:36:37.009+0000][72045][safepoint    ] Total time for which application threads were stopped: 0.0000268 seconds, Stopping threads took: 0.0000139 seconds
[2018-03-24T11:36:37.009+0000][72045][safepoint    ] Application time: 0.0002418 seconds
[2018-03-24T11:36:37.009+0000][72045][safepoint    ] Total time for which application threads were stopped: 0.0000280 seconds, Stopping threads took: 0.0000107 seconds
[2018-03-24T11:36:37.009+0000][72045][safepoint    ] Application time: 0.0001995 seconds
[2018-03-24T11:36:37.009+0000][72045][safepoint    ] Total time for which application threads were stopped: 0.0000266 seconds, Stopping threads took: 0.0000108 seconds
[2018-03-24T11:36:37.009+0000][72045][safepoint    ] Application time: 0.0001319 seconds
[2018-03-24T11:36:37.009+0000][72045][safepoint    ] Total time for which application threads were stopped: 0.0000230 seconds, Stopping threads took: 0.0000091 seconds
[2018-03-24T11:36:37.009+0000][72045][safepoint    ] Application time: 0.0000416 seconds
[2018-03-24T11:36:37.009+0000][72045][safepoint    ] Total time for which application threads were stopped: 0.0000221 seconds, Stopping threads took: 0.0000089 seconds
[2018-03-24T11:36:37.011+0000][72045][gc,heap,exit ] Heap
[2018-03-24T11:36:37.011+0000][72045][gc,heap,exit ]  par new generation   total 306688K, used 288739K [0x0000000780000000, 0x0000000794cc0000, 0x0000000794cc0000)
[2018-03-24T11:36:37.011+0000][72045][gc,heap,exit ]   eden space 272640K,  99% used [0x0000000780000000, 0x00000007907ebde8, 0x0000000790a40000)
[2018-03-24T11:36:37.011+0000][72045][gc,heap,exit ]   from space 34048K,  54% used [0x0000000792b80000, 0x0000000793d8cf40, 0x0000000794cc0000)
[2018-03-24T11:36:37.011+0000][72045][gc,heap,exit ]   to   space 34048K,   0% used [0x0000000790a40000, 0x0000000790a40000, 0x0000000792b80000)
[2018-03-24T11:36:37.011+0000][72045][gc,heap,exit ]  concurrent mark-sweep generation total 707840K, used 0K [0x0000000794cc0000, 0x00000007c0000000, 0x00000007c0000000)
[2018-03-24T11:36:37.011+0000][72045][gc,heap,exit ]  Metaspace       used 31473K, capacity 33297K, committed 33600K, reserved 1079296K
[2018-03-24T11:36:37.011+0000][72045][gc,heap,exit ]   class space    used 3860K, capacity 4412K, committed 4476K, reserved 1048576K
[2018-03-24T11:36:37.011+0000][72045][safepoint    ] Application time: 0.0012953 seconds
